[1678437403.696][INFO]: Starting Microsoft Edge WebDriver 110.0.1587.63 (b26c9b8fc01e4ee6478cd1585db0bdec672b52a6) on port 55066
[1678437403.696][INFO]: Please see https://aka.ms/WebDriverSecurity for suggestions on keeping Microsoft Edge WebDriver safe.
[1678437406.203][INFO]: [9d6b220b3cb61399c0a3bfeca9374fe6] COMMAND InitSession {
   "capabilities": {
      "alwaysMatch": {
         "browserName": "MicrosoftEdge",
         "ms:edgeOptions": {
            "args": [ "--log-level=3", "--window-size=900,800" ],
            "detach": true,
            "extensions": [  ]
         },
         "pageLoadStrategy": "normal"
      },
      "firstMatch": [ {
      } ]
   }
}
[1678437406.206][INFO]: Populating Preferences file: {
   "alternate_error_pages": {
      "enabled": false
   },
   "autofill": {
      "enabled": false
   },
   "browser": {
      "check_default_browser": false
   },
   "distribution": {
      "import_bookmarks": false,
      "import_history": false,
      "import_search_engine": false,
      "make_chrome_default_for_user": false,
      "skip_first_run_ui": true
   },
   "dns_prefetching": {
      "enabled": false
   },
   "profile": {
      "content_settings": {
         "pattern_pairs": {
            "https://*,*": {
               "media-stream": {
                  "audio": "Default",
                  "video": "Default"
               }
            }
         }
      },
      "default_content_setting_values": {
         "geolocation": 1
      },
      "default_content_settings": {
         "geolocation": 1,
         "mouselock": 1,
         "notifications": 1,
         "popups": 1,
         "ppapi-broker": 1
      },
      "password_manager_enabled": false
   },
   "safebrowsing": {
      "enabled": false
   },
   "search": {
      "suggest_enabled": false
   },
   "translate": {
      "enabled": false
   }
}
[1678437406.207][INFO]: Populating Local State file: {
   "background_mode": {
      "enabled": false
   },
   "ssl": {
      "rev_checking": {
         "enabled": false
      }
   }
}
[1678437406.209][INFO]: Launching Microsoft Edge: "C:\Program Files (x86)\Microsoft\Edge\Application\msedge.exe" --allow-pre-commit-input --disable-background-networking --disable-backgrounding-occluded-windows --disable-client-side-phishing-detection --disable-default-apps --disable-hang-monitor --disable-popup-blocking --disable-prompt-on-repost --disable-sync --enable-automation --enable-blink-features=ShadowDOMV0 --enable-logging --log-level=3 --no-first-run --no-service-autorun --password-store=basic --remote-debugging-port=0 --test-type=webdriver --use-mock-keychain --user-data-dir="C:\Users\After\AppData\Local\Temp\scoped_dir15308_1976303936" --window-size=900,800 data:,
[1678437406.716][INFO]: resolved localhost to ["::1","127.0.0.1"]
[1678437406.717][WARNING]: virtual void DevToolsClientImpl::AddListener(DevToolsEventListener *) subscribing a listener to the already connected DevToolsClient. Connection notification will not arrive.
[1678437406.723][INFO]: [9d6b220b3cb61399c0a3bfeca9374fe6] RESPONSE InitSession {
   "capabilities": {
      "acceptInsecureCerts": false,
      "browserName": "msedge",
      "browserVersion": "110.0.1587.63",
      "ms:edgeOptions": {
         "debuggerAddress": "localhost:55080"
      },
      "msedge": {
         "msedgedriverVersion": "110.0.1587.63 (b26c9b8fc01e4ee6478cd1585db0bdec672b52a6)",
         "userDataDir": "C:\\Users\\After\\AppData\\Local\\Temp\\scoped_dir15308_1976303936"
      },
      "networkConnectionEnabled": false,
      "pageLoadStrategy": "normal",
      "platformName": "windows",
      "proxy": {
      },
      "setWindowRect": true,
      "strictFileInteractability": false,
      "timeouts": {
         "implicit": 0,
         "pageLoad": 300000,
         "script": 30000
      },
      "unhandledPromptBehavior": "dismiss and notify",
      "webauthn:extension:credBlob": true,
      "webauthn:extension:largeBlob": true,
      "webauthn:virtualAuthenticators": true
   },
   "sessionId": "9d6b220b3cb61399c0a3bfeca9374fe6"
}
[1678437406.724][INFO]: [9d6b220b3cb61399c0a3bfeca9374fe6] COMMAND SetTimeouts {
   "implicit": 10000
}
[1678437406.725][INFO]: [9d6b220b3cb61399c0a3bfeca9374fe6] RESPONSE SetTimeouts
[1678437406.726][INFO]: [9d6b220b3cb61399c0a3bfeca9374fe6] COMMAND Navigate {
   "url": "file://C:\\Users\\After\\Desktop\\All-Data\\WorldsHardestGameAI\\index.html"
}
[1678437406.726][INFO]: Waiting for pending navigations...
[1678437406.730][INFO]: Done waiting for pending navigations. Status: ok
[1678437406.758][INFO]: Waiting for pending navigations...
[1678437406.808][INFO]: Done waiting for pending navigations. Status: ok
[1678437406.808][INFO]: [9d6b220b3cb61399c0a3bfeca9374fe6] RESPONSE Navigate
[1678437406.810][INFO]: [9d6b220b3cb61399c0a3bfeca9374fe6] COMMAND ExecuteScript {
   "args": [  ],
   "script": "return getEnemiesAmount(1)"
}
[1678437406.810][INFO]: Waiting for pending navigations...
[1678437406.812][INFO]: Done waiting for pending navigations. Status: ok
[1678437406.815][INFO]: Waiting for pending navigations...
[1678437406.816][INFO]: Done waiting for pending navigations. Status: ok
[1678437406.816][INFO]: [9d6b220b3cb61399c0a3bfeca9374fe6] RESPONSE ExecuteScript 5
[1678437406.820][INFO]: [9d6b220b3cb61399c0a3bfeca9374fe6] COMMAND ExecuteScript {
   "args": [  ],
   "script": "return getCoinsAmount(1)"
}
[1678437406.820][INFO]: Waiting for pending navigations...
[1678437406.847][INFO]: Done waiting for pending navigations. Status: ok
[1678437406.853][INFO]: Waiting for pending navigations...
[1678437406.854][INFO]: Done waiting for pending navigations. Status: ok
[1678437406.854][INFO]: [9d6b220b3cb61399c0a3bfeca9374fe6] RESPONSE ExecuteScript 0
[1678437406.855][INFO]: [9d6b220b3cb61399c0a3bfeca9374fe6] COMMAND ExecuteScript {
   "args": [  ],
   "script": "return getCoinsCollected()"
}
[1678437406.855][INFO]: Waiting for pending navigations...
[1678437406.856][INFO]: Done waiting for pending navigations. Status: ok
[1678437406.859][INFO]: Waiting for pending navigations...
[1678437406.860][INFO]: Done waiting for pending navigations. Status: ok
[1678437406.860][INFO]: [9d6b220b3cb61399c0a3bfeca9374fe6] RESPONSE ExecuteScript 0
[1678437406.861][INFO]: [9d6b220b3cb61399c0a3bfeca9374fe6] COMMAND ExecuteScript {
   "args": [  ],
   "script": "return getEndDistance(1)"
}
[1678437406.861][INFO]: Waiting for pending navigations...
[1678437406.862][INFO]: Done waiting for pending navigations. Status: ok
[1678437406.864][INFO]: Waiting for pending navigations...
[1678437406.864][INFO]: Done waiting for pending navigations. Status: ok
[1678437406.864][INFO]: [9d6b220b3cb61399c0a3bfeca9374fe6] RESPONSE ExecuteScript 491.8861656928359
[1678437406.866][INFO]: [9d6b220b3cb61399c0a3bfeca9374fe6] COMMAND ExecuteScript {
   "args": [  ],
   "script": "return FPS"
}
[1678437406.866][INFO]: Waiting for pending navigations...
[1678437406.867][INFO]: Done waiting for pending navigations. Status: ok
[1678437406.870][INFO]: Waiting for pending navigations...
[1678437406.871][INFO]: Done waiting for pending navigations. Status: ok
[1678437406.871][INFO]: [9d6b220b3cb61399c0a3bfeca9374fe6] RESPONSE ExecuteScript 40
[1678437406.873][INFO]: [9d6b220b3cb61399c0a3bfeca9374fe6] COMMAND SendCommand {
   "cmd": "Input.dispatchKeyEvent",
   "params": {
      "type": "rawKeyDown",
      "windowsVirtualKeyCode": 87
   }
}
[1678437406.873][INFO]: Waiting for pending navigations...
[1678437406.874][INFO]: Done waiting for pending navigations. Status: ok
[1678437406.875][INFO]: Waiting for pending navigations...
[1678437406.876][INFO]: Done waiting for pending navigations. Status: ok
[1678437406.876][INFO]: [9d6b220b3cb61399c0a3bfeca9374fe6] RESPONSE SendCommand
[1678437406.879][INFO]: [9d6b220b3cb61399c0a3bfeca9374fe6] COMMAND SendCommand {
   "cmd": "Input.dispatchKeyEvent",
   "params": {
      "type": "char",
      "windowsVirtualKeyCode": 87
   }
}
[1678437406.879][INFO]: Waiting for pending navigations...
[1678437406.879][INFO]: Done waiting for pending navigations. Status: ok
[1678437406.880][INFO]: Waiting for pending navigations...
[1678437406.881][INFO]: Done waiting for pending navigations. Status: ok
[1678437406.881][INFO]: [9d6b220b3cb61399c0a3bfeca9374fe6] RESPONSE SendCommand
[1678437406.899][INFO]: [9d6b220b3cb61399c0a3bfeca9374fe6] COMMAND SendCommand {
   "cmd": "Input.dispatchKeyEvent",
   "params": {
      "autoRepeat": true,
      "type": "rawKeyDown",
      "windowsVirtualKeyCode": 87
   }
}
[1678437406.899][INFO]: Waiting for pending navigations...
[1678437406.899][INFO]: Done waiting for pending navigations. Status: ok
[1678437406.900][INFO]: Waiting for pending navigations...
[1678437406.901][INFO]: Done waiting for pending navigations. Status: ok
[1678437406.901][INFO]: [9d6b220b3cb61399c0a3bfeca9374fe6] RESPONSE SendCommand
[1678437406.902][INFO]: [9d6b220b3cb61399c0a3bfeca9374fe6] COMMAND SendCommand {
   "cmd": "Input.dispatchKeyEvent",
   "params": {
      "autoRepeat": true,
      "type": "char",
      "windowsVirtualKeyCode": 87
   }
}
[1678437406.902][INFO]: Waiting for pending navigations...
[1678437406.903][INFO]: Done waiting for pending navigations. Status: ok
[1678437406.903][INFO]: Waiting for pending navigations...
[1678437406.904][INFO]: Done waiting for pending navigations. Status: ok
[1678437406.904][INFO]: [9d6b220b3cb61399c0a3bfeca9374fe6] RESPONSE SendCommand
[1678437406.930][INFO]: [9d6b220b3cb61399c0a3bfeca9374fe6] COMMAND SendCommand {
   "cmd": "Input.dispatchKeyEvent",
   "params": {
      "autoRepeat": true,
      "type": "rawKeyDown",
      "windowsVirtualKeyCode": 87
   }
}
[1678437406.930][INFO]: Waiting for pending navigations...
[1678437406.931][INFO]: Done waiting for pending navigations. Status: ok
[1678437406.931][INFO]: Waiting for pending navigations...
[1678437406.932][INFO]: Done waiting for pending navigations. Status: ok
[1678437406.932][INFO]: [9d6b220b3cb61399c0a3bfeca9374fe6] RESPONSE SendCommand
[1678437406.933][INFO]: [9d6b220b3cb61399c0a3bfeca9374fe6] COMMAND SendCommand {
   "cmd": "Input.dispatchKeyEvent",
   "params": {
      "autoRepeat": true,
      "type": "char",
      "windowsVirtualKeyCode": 87
   }
}
[1678437406.933][INFO]: Waiting for pending navigations...
[1678437406.933][INFO]: Done waiting for pending navigations. Status: ok
[1678437406.934][INFO]: Waiting for pending navigations...
[1678437406.934][INFO]: Done waiting for pending navigations. Status: ok
[1678437406.934][INFO]: [9d6b220b3cb61399c0a3bfeca9374fe6] RESPONSE SendCommand
[1678437406.946][INFO]: [9d6b220b3cb61399c0a3bfeca9374fe6] COMMAND SendCommand {
   "cmd": "Input.dispatchKeyEvent",
   "params": {
      "autoRepeat": true,
      "type": "rawKeyDown",
      "windowsVirtualKeyCode": 87
   }
}
[1678437406.946][INFO]: Waiting for pending navigations...
[1678437406.947][INFO]: Done waiting for pending navigations. Status: ok
[1678437406.947][INFO]: Waiting for pending navigations...
[1678437406.948][INFO]: Done waiting for pending navigations. Status: ok
[1678437406.948][INFO]: [9d6b220b3cb61399c0a3bfeca9374fe6] RESPONSE SendCommand
[1678437406.949][INFO]: [9d6b220b3cb61399c0a3bfeca9374fe6] COMMAND SendCommand {
   "cmd": "Input.dispatchKeyEvent",
   "params": {
      "autoRepeat": true,
      "type": "char",
      "windowsVirtualKeyCode": 87
   }
}
[1678437406.949][INFO]: Waiting for pending navigations...
[1678437406.950][INFO]: Done waiting for pending navigations. Status: ok
[1678437406.950][INFO]: Waiting for pending navigations...
[1678437406.951][INFO]: Done waiting for pending navigations. Status: ok
[1678437406.951][INFO]: [9d6b220b3cb61399c0a3bfeca9374fe6] RESPONSE SendCommand
[1678437406.962][INFO]: [9d6b220b3cb61399c0a3bfeca9374fe6] COMMAND SendCommand {
   "cmd": "Input.dispatchKeyEvent",
   "params": {
      "autoRepeat": true,
      "type": "rawKeyDown",
      "windowsVirtualKeyCode": 87
   }
}
[1678437406.962][INFO]: Waiting for pending navigations...
[1678437406.963][INFO]: Done waiting for pending navigations. Status: ok
[1678437406.963][INFO]: Waiting for pending navigations...
[1678437406.964][INFO]: Done waiting for pending navigations. Status: ok
[1678437406.964][INFO]: [9d6b220b3cb61399c0a3bfeca9374fe6] RESPONSE SendCommand
[1678437406.965][INFO]: [9d6b220b3cb61399c0a3bfeca9374fe6] COMMAND SendCommand {
   "cmd": "Input.dispatchKeyEvent",
   "params": {
      "autoRepeat": true,
      "type": "char",
      "windowsVirtualKeyCode": 87
   }
}
[1678437406.965][INFO]: Waiting for pending navigations...
[1678437406.965][INFO]: Done waiting for pending navigations. Status: ok
[1678437406.966][INFO]: Waiting for pending navigations...
[1678437406.966][INFO]: Done waiting for pending navigations. Status: ok
[1678437406.966][INFO]: [9d6b220b3cb61399c0a3bfeca9374fe6] RESPONSE SendCommand
[1678437406.978][INFO]: [9d6b220b3cb61399c0a3bfeca9374fe6] COMMAND SendCommand {
   "cmd": "Input.dispatchKeyEvent",
   "params": {
      "autoRepeat": true,
      "type": "rawKeyDown",
      "windowsVirtualKeyCode": 87
   }
}
[1678437406.978][INFO]: Waiting for pending navigations...
[1678437406.979][INFO]: Done waiting for pending navigations. Status: ok
[1678437406.979][INFO]: Waiting for pending navigations...
[1678437406.980][INFO]: Done waiting for pending navigations. Status: ok
[1678437406.980][INFO]: [9d6b220b3cb61399c0a3bfeca9374fe6] RESPONSE SendCommand
[1678437406.981][INFO]: [9d6b220b3cb61399c0a3bfeca9374fe6] COMMAND SendCommand {
   "cmd": "Input.dispatchKeyEvent",
   "params": {
      "autoRepeat": true,
      "type": "char",
      "windowsVirtualKeyCode": 87
   }
}
[1678437406.981][INFO]: Waiting for pending navigations...
[1678437406.982][INFO]: Done waiting for pending navigations. Status: ok
[1678437406.982][INFO]: Waiting for pending navigations...
[1678437406.983][INFO]: Done waiting for pending navigations. Status: ok
[1678437406.983][INFO]: [9d6b220b3cb61399c0a3bfeca9374fe6] RESPONSE SendCommand
[1678437407.009][INFO]: [9d6b220b3cb61399c0a3bfeca9374fe6] COMMAND SendCommand {
   "cmd": "Input.dispatchKeyEvent",
   "params": {
      "autoRepeat": true,
      "type": "rawKeyDown",
      "windowsVirtualKeyCode": 87
   }
}
[1678437407.009][INFO]: Waiting for pending navigations...
[1678437407.010][INFO]: Done waiting for pending navigations. Status: ok
[1678437407.011][INFO]: Waiting for pending navigations...
[1678437407.012][INFO]: Done waiting for pending navigations. Status: ok
[1678437407.012][INFO]: [9d6b220b3cb61399c0a3bfeca9374fe6] RESPONSE SendCommand
[1678437407.013][INFO]: [9d6b220b3cb61399c0a3bfeca9374fe6] COMMAND SendCommand {
   "cmd": "Input.dispatchKeyEvent",
   "params": {
      "autoRepeat": true,
      "type": "char",
      "windowsVirtualKeyCode": 87
   }
}
[1678437407.013][INFO]: Waiting for pending navigations...
[1678437407.014][INFO]: Done waiting for pending navigations. Status: ok
[1678437407.014][INFO]: Waiting for pending navigations...
[1678437407.015][INFO]: Done waiting for pending navigations. Status: ok
[1678437407.015][INFO]: [9d6b220b3cb61399c0a3bfeca9374fe6] RESPONSE SendCommand
[1678437407.039][INFO]: [9d6b220b3cb61399c0a3bfeca9374fe6] COMMAND SendCommand {
   "cmd": "Input.dispatchKeyEvent",
   "params": {
      "autoRepeat": true,
      "type": "rawKeyDown",
      "windowsVirtualKeyCode": 87
   }
}
[1678437407.039][INFO]: Waiting for pending navigations...
[1678437407.040][INFO]: Done waiting for pending navigations. Status: ok
[1678437407.041][INFO]: Waiting for pending navigations...
[1678437407.041][INFO]: Done waiting for pending navigations. Status: ok
[1678437407.041][INFO]: [9d6b220b3cb61399c0a3bfeca9374fe6] RESPONSE SendCommand
[1678437407.042][INFO]: [9d6b220b3cb61399c0a3bfeca9374fe6] COMMAND SendCommand {
   "cmd": "Input.dispatchKeyEvent",
   "params": {
      "autoRepeat": true,
      "type": "char",
      "windowsVirtualKeyCode": 87
   }
}
[1678437407.042][INFO]: Waiting for pending navigations...
[1678437407.042][INFO]: Done waiting for pending navigations. Status: ok
[1678437407.043][INFO]: Waiting for pending navigations...
[1678437407.044][INFO]: Done waiting for pending navigations. Status: ok
[1678437407.044][INFO]: [9d6b220b3cb61399c0a3bfeca9374fe6] RESPONSE SendCommand
[1678437407.055][INFO]: [9d6b220b3cb61399c0a3bfeca9374fe6] COMMAND SendCommand {
   "cmd": "Input.dispatchKeyEvent",
   "params": {
      "autoRepeat": true,
      "type": "rawKeyDown",
      "windowsVirtualKeyCode": 87
   }
}
[1678437407.055][INFO]: Waiting for pending navigations...
[1678437407.056][INFO]: Done waiting for pending navigations. Status: ok
[1678437407.056][INFO]: Waiting for pending navigations...
[1678437407.057][INFO]: Done waiting for pending navigations. Status: ok
[1678437407.057][INFO]: [9d6b220b3cb61399c0a3bfeca9374fe6] RESPONSE SendCommand
[1678437407.059][INFO]: [9d6b220b3cb61399c0a3bfeca9374fe6] COMMAND SendCommand {
   "cmd": "Input.dispatchKeyEvent",
   "params": {
      "autoRepeat": true,
      "type": "char",
      "windowsVirtualKeyCode": 87
   }
}
[1678437407.059][INFO]: Waiting for pending navigations...
[1678437407.060][INFO]: Done waiting for pending navigations. Status: ok
[1678437407.060][INFO]: Waiting for pending navigations...
[1678437407.060][INFO]: Done waiting for pending navigations. Status: ok
[1678437407.061][INFO]: [9d6b220b3cb61399c0a3bfeca9374fe6] RESPONSE SendCommand
[1678437407.085][INFO]: [9d6b220b3cb61399c0a3bfeca9374fe6] COMMAND SendCommand {
   "cmd": "Input.dispatchKeyEvent",
   "params": {
      "autoRepeat": true,
      "type": "rawKeyDown",
      "windowsVirtualKeyCode": 87
   }
}
[1678437407.085][INFO]: Waiting for pending navigations...
[1678437407.087][INFO]: Done waiting for pending navigations. Status: ok
[1678437407.087][INFO]: Waiting for pending navigations...
[1678437407.088][INFO]: Done waiting for pending navigations. Status: ok
[1678437407.088][INFO]: [9d6b220b3cb61399c0a3bfeca9374fe6] RESPONSE SendCommand
[1678437407.089][INFO]: [9d6b220b3cb61399c0a3bfeca9374fe6] COMMAND SendCommand {
   "cmd": "Input.dispatchKeyEvent",
   "params": {
      "autoRepeat": true,
      "type": "char",
      "windowsVirtualKeyCode": 87
   }
}
[1678437407.089][INFO]: Waiting for pending navigations...
[1678437407.090][INFO]: Done waiting for pending navigations. Status: ok
[1678437407.090][INFO]: Waiting for pending navigations...
[1678437407.090][INFO]: Done waiting for pending navigations. Status: ok
[1678437407.090][INFO]: [9d6b220b3cb61399c0a3bfeca9374fe6] RESPONSE SendCommand
[1678437407.091][INFO]: [9d6b220b3cb61399c0a3bfeca9374fe6] COMMAND SendCommand {
   "cmd": "Input.dispatchKeyEvent",
   "params": {
      "autoRepeat": true,
      "type": "keyUp",
      "windowsVirtualKeyCode": 87
   }
}
[1678437407.091][INFO]: Waiting for pending navigations...
[1678437407.092][INFO]: Done waiting for pending navigations. Status: ok
[1678437407.092][INFO]: Waiting for pending navigations...
[1678437407.095][INFO]: Done waiting for pending navigations. Status: ok
[1678437407.095][INFO]: [9d6b220b3cb61399c0a3bfeca9374fe6] RESPONSE SendCommand
[1678437407.097][INFO]: [9d6b220b3cb61399c0a3bfeca9374fe6] COMMAND ExecuteScript {
   "args": [  ],
   "script": "return FPS"
}
[1678437407.097][INFO]: Waiting for pending navigations...
[1678437407.098][INFO]: Done waiting for pending navigations. Status: ok
[1678437407.099][INFO]: Waiting for pending navigations...
[1678437407.099][INFO]: Done waiting for pending navigations. Status: ok
[1678437407.099][INFO]: [9d6b220b3cb61399c0a3bfeca9374fe6] RESPONSE ExecuteScript 40
[1678437407.102][INFO]: [9d6b220b3cb61399c0a3bfeca9374fe6] COMMAND SendCommand {
   "cmd": "Input.dispatchKeyEvent",
   "params": {
      "type": "rawKeyDown",
      "windowsVirtualKeyCode": 65
   }
}
[1678437407.102][INFO]: Waiting for pending navigations...
[1678437407.103][INFO]: Done waiting for pending navigations. Status: ok
[1678437407.104][INFO]: Waiting for pending navigations...
[1678437407.104][INFO]: Done waiting for pending navigations. Status: ok
[1678437407.104][INFO]: [9d6b220b3cb61399c0a3bfeca9374fe6] RESPONSE SendCommand
[1678437407.106][INFO]: [9d6b220b3cb61399c0a3bfeca9374fe6] COMMAND SendCommand {
   "cmd": "Input.dispatchKeyEvent",
   "params": {
      "type": "char",
      "windowsVirtualKeyCode": 65
   }
}
[1678437407.106][INFO]: Waiting for pending navigations...
[1678437407.106][INFO]: Done waiting for pending navigations. Status: ok
[1678437407.107][INFO]: Waiting for pending navigations...
[1678437407.107][INFO]: Done waiting for pending navigations. Status: ok
[1678437407.107][INFO]: [9d6b220b3cb61399c0a3bfeca9374fe6] RESPONSE SendCommand
[1678437407.131][INFO]: [9d6b220b3cb61399c0a3bfeca9374fe6] COMMAND SendCommand {
   "cmd": "Input.dispatchKeyEvent",
   "params": {
      "autoRepeat": true,
      "type": "rawKeyDown",
      "windowsVirtualKeyCode": 65
   }
}
[1678437407.131][INFO]: Waiting for pending navigations...
[1678437407.132][INFO]: Done waiting for pending navigations. Status: ok
[1678437407.132][INFO]: Waiting for pending navigations...
[1678437407.133][INFO]: Done waiting for pending navigations. Status: ok
[1678437407.133][INFO]: [9d6b220b3cb61399c0a3bfeca9374fe6] RESPONSE SendCommand
[1678437407.134][INFO]: [9d6b220b3cb61399c0a3bfeca9374fe6] COMMAND SendCommand {
   "cmd": "Input.dispatchKeyEvent",
   "params": {
      "autoRepeat": true,
      "type": "char",
      "windowsVirtualKeyCode": 65
   }
}
[1678437407.134][INFO]: Waiting for pending navigations...
[1678437407.134][INFO]: Done waiting for pending navigations. Status: ok
[1678437407.134][INFO]: Waiting for pending navigations...
[1678437407.135][INFO]: Done waiting for pending navigations. Status: ok
[1678437407.135][INFO]: [9d6b220b3cb61399c0a3bfeca9374fe6] RESPONSE SendCommand
[1678437407.147][INFO]: [9d6b220b3cb61399c0a3bfeca9374fe6] COMMAND SendCommand {
   "cmd": "Input.dispatchKeyEvent",
   "params": {
      "autoRepeat": true,
      "type": "rawKeyDown",
      "windowsVirtualKeyCode": 65
   }
}
[1678437407.147][INFO]: Waiting for pending navigations...
[1678437407.148][INFO]: Done waiting for pending navigations. Status: ok
[1678437407.148][INFO]: Waiting for pending navigations...
[1678437407.148][INFO]: Done waiting for pending navigations. Status: ok
[1678437407.148][INFO]: [9d6b220b3cb61399c0a3bfeca9374fe6] RESPONSE SendCommand
[1678437407.150][INFO]: [9d6b220b3cb61399c0a3bfeca9374fe6] COMMAND SendCommand {
   "cmd": "Input.dispatchKeyEvent",
   "params": {
      "autoRepeat": true,
      "type": "char",
      "windowsVirtualKeyCode": 65
   }
}
[1678437407.150][INFO]: Waiting for pending navigations...
[1678437407.150][INFO]: Done waiting for pending navigations. Status: ok
[1678437407.151][INFO]: Waiting for pending navigations...
[1678437407.151][INFO]: Done waiting for pending navigations. Status: ok
[1678437407.151][INFO]: [9d6b220b3cb61399c0a3bfeca9374fe6] RESPONSE SendCommand
[1678437407.178][INFO]: [9d6b220b3cb61399c0a3bfeca9374fe6] COMMAND SendCommand {
   "cmd": "Input.dispatchKeyEvent",
   "params": {
      "autoRepeat": true,
      "type": "rawKeyDown",
      "windowsVirtualKeyCode": 65
   }
}
[1678437407.178][INFO]: Waiting for pending navigations...
[1678437407.179][INFO]: Done waiting for pending navigations. Status: ok
[1678437407.179][INFO]: Waiting for pending navigations...
[1678437407.179][INFO]: Done waiting for pending navigations. Status: ok
[1678437407.179][INFO]: [9d6b220b3cb61399c0a3bfeca9374fe6] RESPONSE SendCommand
[1678437407.180][INFO]: [9d6b220b3cb61399c0a3bfeca9374fe6] COMMAND SendCommand {
   "cmd": "Input.dispatchKeyEvent",
   "params": {
      "autoRepeat": true,
      "type": "char",
      "windowsVirtualKeyCode": 65
   }
}
[1678437407.180][INFO]: Waiting for pending navigations...
[1678437407.181][INFO]: Done waiting for pending navigations. Status: ok
[1678437407.181][INFO]: Waiting for pending navigations...
[1678437407.182][INFO]: Done waiting for pending navigations. Status: ok
[1678437407.182][INFO]: [9d6b220b3cb61399c0a3bfeca9374fe6] RESPONSE SendCommand
[1678437407.194][INFO]: [9d6b220b3cb61399c0a3bfeca9374fe6] COMMAND SendCommand {
   "cmd": "Input.dispatchKeyEvent",
   "params": {
      "autoRepeat": true,
      "type": "rawKeyDown",
      "windowsVirtualKeyCode": 65
   }
}
[1678437407.194][INFO]: Waiting for pending navigations...
[1678437407.194][INFO]: Done waiting for pending navigations. Status: ok
[1678437407.195][INFO]: Waiting for pending navigations...
[1678437407.195][INFO]: Done waiting for pending navigations. Status: ok
[1678437407.195][INFO]: [9d6b220b3cb61399c0a3bfeca9374fe6] RESPONSE SendCommand
[1678437407.196][INFO]: [9d6b220b3cb61399c0a3bfeca9374fe6] COMMAND SendCommand {
   "cmd": "Input.dispatchKeyEvent",
   "params": {
      "autoRepeat": true,
      "type": "char",
      "windowsVirtualKeyCode": 65
   }
}
[1678437407.196][INFO]: Waiting for pending navigations...
[1678437407.196][INFO]: Done waiting for pending navigations. Status: ok
[1678437407.197][INFO]: Waiting for pending navigations...
[1678437407.197][INFO]: Done waiting for pending navigations. Status: ok
[1678437407.197][INFO]: [9d6b220b3cb61399c0a3bfeca9374fe6] RESPONSE SendCommand
[1678437407.209][INFO]: [9d6b220b3cb61399c0a3bfeca9374fe6] COMMAND SendCommand {
   "cmd": "Input.dispatchKeyEvent",
   "params": {
      "autoRepeat": true,
      "type": "rawKeyDown",
      "windowsVirtualKeyCode": 65
   }
}
[1678437407.209][INFO]: Waiting for pending navigations...
[1678437407.209][INFO]: Done waiting for pending navigations. Status: ok
[1678437407.210][INFO]: Waiting for pending navigations...
[1678437407.210][INFO]: Done waiting for pending navigations. Status: ok
[1678437407.210][INFO]: [9d6b220b3cb61399c0a3bfeca9374fe6] RESPONSE SendCommand
[1678437407.211][INFO]: [9d6b220b3cb61399c0a3bfeca9374fe6] COMMAND SendCommand {
   "cmd": "Input.dispatchKeyEvent",
   "params": {
      "autoRepeat": true,
      "type": "char",
      "windowsVirtualKeyCode": 65
   }
}
[1678437407.211][INFO]: Waiting for pending navigations...
[1678437407.211][INFO]: Done waiting for pending navigations. Status: ok
[1678437407.213][INFO]: Waiting for pending navigations...
[1678437407.213][INFO]: Done waiting for pending navigations. Status: ok
[1678437407.213][INFO]: [9d6b220b3cb61399c0a3bfeca9374fe6] RESPONSE SendCommand
[1678437407.240][INFO]: [9d6b220b3cb61399c0a3bfeca9374fe6] COMMAND SendCommand {
   "cmd": "Input.dispatchKeyEvent",
   "params": {
      "autoRepeat": true,
      "type": "rawKeyDown",
      "windowsVirtualKeyCode": 65
   }
}
[1678437407.240][INFO]: Waiting for pending navigations...
[1678437407.241][INFO]: Done waiting for pending navigations. Status: ok
[1678437407.241][INFO]: Waiting for pending navigations...
[1678437407.242][INFO]: Done waiting for pending navigations. Status: ok
[1678437407.242][INFO]: [9d6b220b3cb61399c0a3bfeca9374fe6] RESPONSE SendCommand
[1678437407.243][INFO]: [9d6b220b3cb61399c0a3bfeca9374fe6] COMMAND SendCommand {
   "cmd": "Input.dispatchKeyEvent",
   "params": {
      "autoRepeat": true,
      "type": "char",
      "windowsVirtualKeyCode": 65
   }
}
[1678437407.243][INFO]: Waiting for pending navigations...
[1678437407.244][INFO]: Done waiting for pending navigations. Status: ok
[1678437407.244][INFO]: Waiting for pending navigations...
[1678437407.244][INFO]: Done waiting for pending navigations. Status: ok
[1678437407.244][INFO]: [9d6b220b3cb61399c0a3bfeca9374fe6] RESPONSE SendCommand
[1678437407.270][INFO]: [9d6b220b3cb61399c0a3bfeca9374fe6] COMMAND SendCommand {
   "cmd": "Input.dispatchKeyEvent",
   "params": {
      "autoRepeat": true,
      "type": "rawKeyDown",
      "windowsVirtualKeyCode": 65
   }
}
[1678437407.270][INFO]: Waiting for pending navigations...
[1678437407.270][INFO]: Done waiting for pending navigations. Status: ok
[1678437407.271][INFO]: Waiting for pending navigations...
[1678437407.271][INFO]: Done waiting for pending navigations. Status: ok
[1678437407.271][INFO]: [9d6b220b3cb61399c0a3bfeca9374fe6] RESPONSE SendCommand
[1678437407.272][INFO]: [9d6b220b3cb61399c0a3bfeca9374fe6] COMMAND SendCommand {
   "cmd": "Input.dispatchKeyEvent",
   "params": {
      "autoRepeat": true,
      "type": "char",
      "windowsVirtualKeyCode": 65
   }
}
[1678437407.272][INFO]: Waiting for pending navigations...
[1678437407.272][INFO]: Done waiting for pending navigations. Status: ok
[1678437407.273][INFO]: Waiting for pending navigations...
[1678437407.273][INFO]: Done waiting for pending navigations. Status: ok
[1678437407.273][INFO]: [9d6b220b3cb61399c0a3bfeca9374fe6] RESPONSE SendCommand
[1678437407.286][INFO]: [9d6b220b3cb61399c0a3bfeca9374fe6] COMMAND SendCommand {
   "cmd": "Input.dispatchKeyEvent",
   "params": {
      "autoRepeat": true,
      "type": "rawKeyDown",
      "windowsVirtualKeyCode": 65
   }
}
[1678437407.286][INFO]: Waiting for pending navigations...
[1678437407.286][INFO]: Done waiting for pending navigations. Status: ok
[1678437407.287][INFO]: Waiting for pending navigations...
[1678437407.287][INFO]: Done waiting for pending navigations. Status: ok
[1678437407.287][INFO]: [9d6b220b3cb61399c0a3bfeca9374fe6] RESPONSE SendCommand
[1678437407.288][INFO]: [9d6b220b3cb61399c0a3bfeca9374fe6] COMMAND SendCommand {
   "cmd": "Input.dispatchKeyEvent",
   "params": {
      "autoRepeat": true,
      "type": "char",
      "windowsVirtualKeyCode": 65
   }
}
[1678437407.289][INFO]: Waiting for pending navigations...
[1678437407.289][INFO]: Done waiting for pending navigations. Status: ok
[1678437407.289][INFO]: Waiting for pending navigations...
[1678437407.290][INFO]: Done waiting for pending navigations. Status: ok
[1678437407.290][INFO]: [9d6b220b3cb61399c0a3bfeca9374fe6] RESPONSE SendCommand
[1678437407.301][INFO]: [9d6b220b3cb61399c0a3bfeca9374fe6] COMMAND SendCommand {
   "cmd": "Input.dispatchKeyEvent",
   "params": {
      "autoRepeat": true,
      "type": "rawKeyDown",
      "windowsVirtualKeyCode": 65
   }
}
[1678437407.301][INFO]: Waiting for pending navigations...
[1678437407.302][INFO]: Done waiting for pending navigations. Status: ok
[1678437407.303][INFO]: Waiting for pending navigations...
[1678437407.303][INFO]: Done waiting for pending navigations. Status: ok
[1678437407.303][INFO]: [9d6b220b3cb61399c0a3bfeca9374fe6] RESPONSE SendCommand
[1678437407.304][INFO]: [9d6b220b3cb61399c0a3bfeca9374fe6] COMMAND SendCommand {
   "cmd": "Input.dispatchKeyEvent",
   "params": {
      "autoRepeat": true,
      "type": "char",
      "windowsVirtualKeyCode": 65
   }
}
[1678437407.304][INFO]: Waiting for pending navigations...
[1678437407.305][INFO]: Done waiting for pending navigations. Status: ok
[1678437407.305][INFO]: Waiting for pending navigations...
[1678437407.306][INFO]: Done waiting for pending navigations. Status: ok
[1678437407.306][INFO]: [9d6b220b3cb61399c0a3bfeca9374fe6] RESPONSE SendCommand
[1678437407.307][INFO]: [9d6b220b3cb61399c0a3bfeca9374fe6] COMMAND SendCommand {
   "cmd": "Input.dispatchKeyEvent",
   "params": {
      "autoRepeat": true,
      "type": "keyUp",
      "windowsVirtualKeyCode": 65
   }
}
[1678437407.307][INFO]: Waiting for pending navigations...
[1678437407.307][INFO]: Done waiting for pending navigations. Status: ok
[1678437407.307][INFO]: Waiting for pending navigations...
[1678437407.308][INFO]: Done waiting for pending navigations. Status: ok
[1678437407.308][INFO]: [9d6b220b3cb61399c0a3bfeca9374fe6] RESPONSE SendCommand
[1678437407.309][INFO]: [9d6b220b3cb61399c0a3bfeca9374fe6] COMMAND ExecuteScript {
   "args": [  ],
   "script": "return FPS"
}
[1678437407.309][INFO]: Waiting for pending navigations...
[1678437407.309][INFO]: Done waiting for pending navigations. Status: ok
[1678437407.310][INFO]: Waiting for pending navigations...
[1678437407.310][INFO]: Done waiting for pending navigations. Status: ok
[1678437407.310][INFO]: [9d6b220b3cb61399c0a3bfeca9374fe6] RESPONSE ExecuteScript 40
[1678437407.311][INFO]: [9d6b220b3cb61399c0a3bfeca9374fe6] COMMAND SendCommand {
   "cmd": "Input.dispatchKeyEvent",
   "params": {
      "type": "rawKeyDown",
      "windowsVirtualKeyCode": 83
   }
}
[1678437407.312][INFO]: Waiting for pending navigations...
[1678437407.312][INFO]: Done waiting for pending navigations. Status: ok
[1678437407.312][INFO]: Waiting for pending navigations...
[1678437407.313][INFO]: Done waiting for pending navigations. Status: ok
[1678437407.313][INFO]: [9d6b220b3cb61399c0a3bfeca9374fe6] RESPONSE SendCommand
[1678437407.314][INFO]: [9d6b220b3cb61399c0a3bfeca9374fe6] COMMAND SendCommand {
   "cmd": "Input.dispatchKeyEvent",
   "params": {
      "type": "char",
      "windowsVirtualKeyCode": 83
   }
}
[1678437407.314][INFO]: Waiting for pending navigations...
[1678437407.314][INFO]: Done waiting for pending navigations. Status: ok
[1678437407.314][INFO]: Waiting for pending navigations...
[1678437407.314][INFO]: Done waiting for pending navigations. Status: ok
[1678437407.314][INFO]: [9d6b220b3cb61399c0a3bfeca9374fe6] RESPONSE SendCommand
[1678437407.333][INFO]: [9d6b220b3cb61399c0a3bfeca9374fe6] COMMAND SendCommand {
   "cmd": "Input.dispatchKeyEvent",
   "params": {
      "autoRepeat": true,
      "type": "rawKeyDown",
      "windowsVirtualKeyCode": 83
   }
}
[1678437407.333][INFO]: Waiting for pending navigations...
[1678437407.334][INFO]: Done waiting for pending navigations. Status: ok
[1678437407.334][INFO]: Waiting for pending navigations...
[1678437407.335][INFO]: Done waiting for pending navigations. Status: ok
[1678437407.335][INFO]: [9d6b220b3cb61399c0a3bfeca9374fe6] RESPONSE SendCommand
[1678437407.336][INFO]: [9d6b220b3cb61399c0a3bfeca9374fe6] COMMAND SendCommand {
   "cmd": "Input.dispatchKeyEvent",
   "params": {
      "autoRepeat": true,
      "type": "char",
      "windowsVirtualKeyCode": 83
   }
}
[1678437407.336][INFO]: Waiting for pending navigations...
[1678437407.336][INFO]: Done waiting for pending navigations. Status: ok
[1678437407.337][INFO]: Waiting for pending navigations...
[1678437407.337][INFO]: Done waiting for pending navigations. Status: ok
[1678437407.337][INFO]: [9d6b220b3cb61399c0a3bfeca9374fe6] RESPONSE SendCommand
[1678437407.364][INFO]: [9d6b220b3cb61399c0a3bfeca9374fe6] COMMAND SendCommand {
   "cmd": "Input.dispatchKeyEvent",
   "params": {
      "autoRepeat": true,
      "type": "rawKeyDown",
      "windowsVirtualKeyCode": 83
   }
}
[1678437407.364][INFO]: Waiting for pending navigations...
[1678437407.365][INFO]: Done waiting for pending navigations. Status: ok
[1678437407.366][INFO]: Waiting for pending navigations...
[1678437407.367][INFO]: Done waiting for pending navigations. Status: ok
[1678437407.367][INFO]: [9d6b220b3cb61399c0a3bfeca9374fe6] RESPONSE SendCommand
[1678437407.368][INFO]: [9d6b220b3cb61399c0a3bfeca9374fe6] COMMAND SendCommand {
   "cmd": "Input.dispatchKeyEvent",
   "params": {
      "autoRepeat": true,
      "type": "char",
      "windowsVirtualKeyCode": 83
   }
}
[1678437407.368][INFO]: Waiting for pending navigations...
[1678437407.369][INFO]: Done waiting for pending navigations. Status: ok
[1678437407.369][INFO]: Waiting for pending navigations...
[1678437407.370][INFO]: Done waiting for pending navigations. Status: ok
[1678437407.370][INFO]: [9d6b220b3cb61399c0a3bfeca9374fe6] RESPONSE SendCommand
[1678437407.394][INFO]: [9d6b220b3cb61399c0a3bfeca9374fe6] COMMAND SendCommand {
   "cmd": "Input.dispatchKeyEvent",
   "params": {
      "autoRepeat": true,
      "type": "rawKeyDown",
      "windowsVirtualKeyCode": 83
   }
}
[1678437407.394][INFO]: Waiting for pending navigations...
[1678437407.395][INFO]: Done waiting for pending navigations. Status: ok
[1678437407.395][INFO]: Waiting for pending navigations...
[1678437407.395][INFO]: Done waiting for pending navigations. Status: ok
[1678437407.395][INFO]: [9d6b220b3cb61399c0a3bfeca9374fe6] RESPONSE SendCommand
[1678437407.396][INFO]: [9d6b220b3cb61399c0a3bfeca9374fe6] COMMAND SendCommand {
   "cmd": "Input.dispatchKeyEvent",
   "params": {
      "autoRepeat": true,
      "type": "char",
      "windowsVirtualKeyCode": 83
   }
}
[1678437407.396][INFO]: Waiting for pending navigations...
[1678437407.397][INFO]: Done waiting for pending navigations. Status: ok
[1678437407.397][INFO]: Waiting for pending navigations...
[1678437407.398][INFO]: Done waiting for pending navigations. Status: ok
[1678437407.398][INFO]: [9d6b220b3cb61399c0a3bfeca9374fe6] RESPONSE SendCommand
[1678437407.409][INFO]: [9d6b220b3cb61399c0a3bfeca9374fe6] COMMAND SendCommand {
   "cmd": "Input.dispatchKeyEvent",
   "params": {
      "autoRepeat": true,
      "type": "rawKeyDown",
      "windowsVirtualKeyCode": 83
   }
}
[1678437407.409][INFO]: Waiting for pending navigations...
[1678437407.410][INFO]: Done waiting for pending navigations. Status: ok
[1678437407.410][INFO]: Waiting for pending navigations...
[1678437407.410][INFO]: Done waiting for pending navigations. Status: ok
[1678437407.410][INFO]: [9d6b220b3cb61399c0a3bfeca9374fe6] RESPONSE SendCommand
[1678437407.411][INFO]: [9d6b220b3cb61399c0a3bfeca9374fe6] COMMAND SendCommand {
   "cmd": "Input.dispatchKeyEvent",
   "params": {
      "autoRepeat": true,
      "type": "char",
      "windowsVirtualKeyCode": 83
   }
}
[1678437407.411][INFO]: Waiting for pending navigations...
[1678437407.412][INFO]: Done waiting for pending navigations. Status: ok
[1678437407.412][INFO]: Waiting for pending navigations...
[1678437407.412][INFO]: Done waiting for pending navigations. Status: ok
[1678437407.412][INFO]: [9d6b220b3cb61399c0a3bfeca9374fe6] RESPONSE SendCommand
[1678437407.425][INFO]: [9d6b220b3cb61399c0a3bfeca9374fe6] COMMAND SendCommand {
   "cmd": "Input.dispatchKeyEvent",
   "params": {
      "autoRepeat": true,
      "type": "rawKeyDown",
      "windowsVirtualKeyCode": 83
   }
}
[1678437407.425][INFO]: Waiting for pending navigations...
[1678437407.426][INFO]: Done waiting for pending navigations. Status: ok
[1678437407.426][INFO]: Waiting for pending navigations...
[1678437407.427][INFO]: Done waiting for pending navigations. Status: ok
[1678437407.427][INFO]: [9d6b220b3cb61399c0a3bfeca9374fe6] RESPONSE SendCommand
[1678437407.428][INFO]: [9d6b220b3cb61399c0a3bfeca9374fe6] COMMAND SendCommand {
   "cmd": "Input.dispatchKeyEvent",
   "params": {
      "autoRepeat": true,
      "type": "char",
      "windowsVirtualKeyCode": 83
   }
}
[1678437407.428][INFO]: Waiting for pending navigations...
[1678437407.429][INFO]: Done waiting for pending navigations. Status: ok
[1678437407.430][INFO]: Waiting for pending navigations...
[1678437407.430][INFO]: Done waiting for pending navigations. Status: ok
[1678437407.430][INFO]: [9d6b220b3cb61399c0a3bfeca9374fe6] RESPONSE SendCommand
[1678437407.457][INFO]: [9d6b220b3cb61399c0a3bfeca9374fe6] COMMAND SendCommand {
   "cmd": "Input.dispatchKeyEvent",
   "params": {
      "autoRepeat": true,
      "type": "rawKeyDown",
      "windowsVirtualKeyCode": 83
   }
}
[1678437407.457][INFO]: Waiting for pending navigations...
[1678437407.457][INFO]: Done waiting for pending navigations. Status: ok
[1678437407.458][INFO]: Waiting for pending navigations...
[1678437407.458][INFO]: Done waiting for pending navigations. Status: ok
[1678437407.458][INFO]: [9d6b220b3cb61399c0a3bfeca9374fe6] RESPONSE SendCommand
[1678437407.459][INFO]: [9d6b220b3cb61399c0a3bfeca9374fe6] COMMAND SendCommand {
   "cmd": "Input.dispatchKeyEvent",
   "params": {
      "autoRepeat": true,
      "type": "char",
      "windowsVirtualKeyCode": 83
   }
}
[1678437407.459][INFO]: Waiting for pending navigations...
[1678437407.460][INFO]: Done waiting for pending navigations. Status: ok
[1678437407.460][INFO]: Waiting for pending navigations...
[1678437407.460][INFO]: Done waiting for pending navigations. Status: ok
[1678437407.460][INFO]: [9d6b220b3cb61399c0a3bfeca9374fe6] RESPONSE SendCommand
[1678437407.472][INFO]: [9d6b220b3cb61399c0a3bfeca9374fe6] COMMAND SendCommand {
   "cmd": "Input.dispatchKeyEvent",
   "params": {
      "autoRepeat": true,
      "type": "rawKeyDown",
      "windowsVirtualKeyCode": 83
   }
}
[1678437407.472][INFO]: Waiting for pending navigations...
[1678437407.473][INFO]: Done waiting for pending navigations. Status: ok
[1678437407.474][INFO]: Waiting for pending navigations...
[1678437407.474][INFO]: Done waiting for pending navigations. Status: ok
[1678437407.474][INFO]: [9d6b220b3cb61399c0a3bfeca9374fe6] RESPONSE SendCommand
[1678437407.475][INFO]: [9d6b220b3cb61399c0a3bfeca9374fe6] COMMAND SendCommand {
   "cmd": "Input.dispatchKeyEvent",
   "params": {
      "autoRepeat": true,
      "type": "char",
      "windowsVirtualKeyCode": 83
   }
}
[1678437407.475][INFO]: Waiting for pending navigations...
[1678437407.476][INFO]: Done waiting for pending navigations. Status: ok
[1678437407.477][INFO]: Waiting for pending navigations...
[1678437407.477][INFO]: Done waiting for pending navigations. Status: ok
[1678437407.477][INFO]: [9d6b220b3cb61399c0a3bfeca9374fe6] RESPONSE SendCommand
[1678437407.503][INFO]: [9d6b220b3cb61399c0a3bfeca9374fe6] COMMAND SendCommand {
   "cmd": "Input.dispatchKeyEvent",
   "params": {
      "autoRepeat": true,
      "type": "rawKeyDown",
      "windowsVirtualKeyCode": 83
   }
}
[1678437407.503][INFO]: Waiting for pending navigations...
[1678437407.504][INFO]: Done waiting for pending navigations. Status: ok
[1678437407.505][INFO]: Waiting for pending navigations...
[1678437407.505][INFO]: Done waiting for pending navigations. Status: ok
[1678437407.505][INFO]: [9d6b220b3cb61399c0a3bfeca9374fe6] RESPONSE SendCommand
[1678437407.506][INFO]: [9d6b220b3cb61399c0a3bfeca9374fe6] COMMAND SendCommand {
   "cmd": "Input.dispatchKeyEvent",
   "params": {
      "autoRepeat": true,
      "type": "char",
      "windowsVirtualKeyCode": 83
   }
}
[1678437407.506][INFO]: Waiting for pending navigations...
[1678437407.507][INFO]: Done waiting for pending navigations. Status: ok
[1678437407.507][INFO]: Waiting for pending navigations...
[1678437407.507][INFO]: Done waiting for pending navigations. Status: ok
[1678437407.507][INFO]: [9d6b220b3cb61399c0a3bfeca9374fe6] RESPONSE SendCommand
[1678437407.519][INFO]: [9d6b220b3cb61399c0a3bfeca9374fe6] COMMAND SendCommand {
   "cmd": "Input.dispatchKeyEvent",
   "params": {
      "autoRepeat": true,
      "type": "rawKeyDown",
      "windowsVirtualKeyCode": 83
   }
}
[1678437407.519][INFO]: Waiting for pending navigations...
[1678437407.520][INFO]: Done waiting for pending navigations. Status: ok
[1678437407.520][INFO]: Waiting for pending navigations...
[1678437407.521][INFO]: Done waiting for pending navigations. Status: ok
[1678437407.521][INFO]: [9d6b220b3cb61399c0a3bfeca9374fe6] RESPONSE SendCommand
[1678437407.522][INFO]: [9d6b220b3cb61399c0a3bfeca9374fe6] COMMAND SendCommand {
   "cmd": "Input.dispatchKeyEvent",
   "params": {
      "autoRepeat": true,
      "type": "char",
      "windowsVirtualKeyCode": 83
   }
}
[1678437407.522][INFO]: Waiting for pending navigations...
[1678437407.522][INFO]: Done waiting for pending navigations. Status: ok
[1678437407.522][INFO]: Waiting for pending navigations...
[1678437407.522][INFO]: Done waiting for pending navigations. Status: ok
[1678437407.523][INFO]: [9d6b220b3cb61399c0a3bfeca9374fe6] RESPONSE SendCommand
[1678437407.523][INFO]: [9d6b220b3cb61399c0a3bfeca9374fe6] COMMAND SendCommand {
   "cmd": "Input.dispatchKeyEvent",
   "params": {
      "autoRepeat": true,
      "type": "keyUp",
      "windowsVirtualKeyCode": 83
   }
}
[1678437407.523][INFO]: Waiting for pending navigations...
[1678437407.524][INFO]: Done waiting for pending navigations. Status: ok
[1678437407.524][INFO]: Waiting for pending navigations...
[1678437407.525][INFO]: Done waiting for pending navigations. Status: ok
[1678437407.525][INFO]: [9d6b220b3cb61399c0a3bfeca9374fe6] RESPONSE SendCommand
[1678437407.526][INFO]: [9d6b220b3cb61399c0a3bfeca9374fe6] COMMAND ExecuteScript {
   "args": [  ],
   "script": "return FPS"
}
[1678437407.526][INFO]: Waiting for pending navigations...
[1678437407.526][INFO]: Done waiting for pending navigations. Status: ok
[1678437407.527][INFO]: Waiting for pending navigations...
[1678437407.527][INFO]: Done waiting for pending navigations. Status: ok
[1678437407.528][INFO]: [9d6b220b3cb61399c0a3bfeca9374fe6] RESPONSE ExecuteScript 40
[1678437407.528][INFO]: [9d6b220b3cb61399c0a3bfeca9374fe6] COMMAND SendCommand {
   "cmd": "Input.dispatchKeyEvent",
   "params": {
      "type": "rawKeyDown",
      "windowsVirtualKeyCode": 68
   }
}
[1678437407.529][INFO]: Waiting for pending navigations...
[1678437407.529][INFO]: Done waiting for pending navigations. Status: ok
[1678437407.529][INFO]: Waiting for pending navigations...
[1678437407.530][INFO]: Done waiting for pending navigations. Status: ok
[1678437407.530][INFO]: [9d6b220b3cb61399c0a3bfeca9374fe6] RESPONSE SendCommand
[1678437407.531][INFO]: [9d6b220b3cb61399c0a3bfeca9374fe6] COMMAND SendCommand {
   "cmd": "Input.dispatchKeyEvent",
   "params": {
      "type": "char",
      "windowsVirtualKeyCode": 68
   }
}
[1678437407.531][INFO]: Waiting for pending navigations...
[1678437407.532][INFO]: Done waiting for pending navigations. Status: ok
[1678437407.532][INFO]: Waiting for pending navigations...
[1678437407.533][INFO]: Done waiting for pending navigations. Status: ok
[1678437407.533][INFO]: [9d6b220b3cb61399c0a3bfeca9374fe6] RESPONSE SendCommand
[1678437407.551][INFO]: [9d6b220b3cb61399c0a3bfeca9374fe6] COMMAND SendCommand {
   "cmd": "Input.dispatchKeyEvent",
   "params": {
      "autoRepeat": true,
      "type": "rawKeyDown",
      "windowsVirtualKeyCode": 68
   }
}
[1678437407.551][INFO]: Waiting for pending navigations...
[1678437407.552][INFO]: Done waiting for pending navigations. Status: ok
[1678437407.553][INFO]: Waiting for pending navigations...
[1678437407.553][INFO]: Done waiting for pending navigations. Status: ok
[1678437407.553][INFO]: [9d6b220b3cb61399c0a3bfeca9374fe6] RESPONSE SendCommand
[1678437407.555][INFO]: [9d6b220b3cb61399c0a3bfeca9374fe6] COMMAND SendCommand {
   "cmd": "Input.dispatchKeyEvent",
   "params": {
      "autoRepeat": true,
      "type": "char",
      "windowsVirtualKeyCode": 68
   }
}
[1678437407.555][INFO]: Waiting for pending navigations...
[1678437407.555][INFO]: Done waiting for pending navigations. Status: ok
[1678437407.555][INFO]: Waiting for pending navigations...
[1678437407.556][INFO]: Done waiting for pending navigations. Status: ok
[1678437407.556][INFO]: [9d6b220b3cb61399c0a3bfeca9374fe6] RESPONSE SendCommand
[1678437407.582][INFO]: [9d6b220b3cb61399c0a3bfeca9374fe6] COMMAND SendCommand {
   "cmd": "Input.dispatchKeyEvent",
   "params": {
      "autoRepeat": true,
      "type": "rawKeyDown",
      "windowsVirtualKeyCode": 68
   }
}
[1678437407.582][INFO]: Waiting for pending navigations...
[1678437407.582][INFO]: Done waiting for pending navigations. Status: ok
[1678437407.582][INFO]: Waiting for pending navigations...
[1678437407.583][INFO]: Done waiting for pending navigations. Status: ok
[1678437407.583][INFO]: [9d6b220b3cb61399c0a3bfeca9374fe6] RESPONSE SendCommand
[1678437407.584][INFO]: [9d6b220b3cb61399c0a3bfeca9374fe6] COMMAND SendCommand {
   "cmd": "Input.dispatchKeyEvent",
   "params": {
      "autoRepeat": true,
      "type": "char",
      "windowsVirtualKeyCode": 68
   }
}
[1678437407.584][INFO]: Waiting for pending navigations...
[1678437407.584][INFO]: Done waiting for pending navigations. Status: ok
[1678437407.585][INFO]: Waiting for pending navigations...
[1678437407.585][INFO]: Done waiting for pending navigations. Status: ok
[1678437407.585][INFO]: [9d6b220b3cb61399c0a3bfeca9374fe6] RESPONSE SendCommand
[1678437407.597][INFO]: [9d6b220b3cb61399c0a3bfeca9374fe6] COMMAND SendCommand {
   "cmd": "Input.dispatchKeyEvent",
   "params": {
      "autoRepeat": true,
      "type": "rawKeyDown",
      "windowsVirtualKeyCode": 68
   }
}
[1678437407.598][INFO]: Waiting for pending navigations...
[1678437407.598][INFO]: Done waiting for pending navigations. Status: ok
[1678437407.599][INFO]: Waiting for pending navigations...
[1678437407.599][INFO]: Done waiting for pending navigations. Status: ok
[1678437407.599][INFO]: [9d6b220b3cb61399c0a3bfeca9374fe6] RESPONSE SendCommand
[1678437407.600][INFO]: [9d6b220b3cb61399c0a3bfeca9374fe6] COMMAND SendCommand {
   "cmd": "Input.dispatchKeyEvent",
   "params": {
      "autoRepeat": true,
      "type": "char",
      "windowsVirtualKeyCode": 68
   }
}
[1678437407.600][INFO]: Waiting for pending navigations...
[1678437407.601][INFO]: Done waiting for pending navigations. Status: ok
[1678437407.601][INFO]: Waiting for pending navigations...
[1678437407.602][INFO]: Done waiting for pending navigations. Status: ok
[1678437407.602][INFO]: [9d6b220b3cb61399c0a3bfeca9374fe6] RESPONSE SendCommand
[1678437407.628][INFO]: [9d6b220b3cb61399c0a3bfeca9374fe6] COMMAND SendCommand {
   "cmd": "Input.dispatchKeyEvent",
   "params": {
      "autoRepeat": true,
      "type": "rawKeyDown",
      "windowsVirtualKeyCode": 68
   }
}
[1678437407.628][INFO]: Waiting for pending navigations...
[1678437407.629][INFO]: Done waiting for pending navigations. Status: ok
[1678437407.631][INFO]: Waiting for pending navigations...
[1678437407.631][INFO]: Done waiting for pending navigations. Status: ok
[1678437407.631][INFO]: [9d6b220b3cb61399c0a3bfeca9374fe6] RESPONSE SendCommand
[1678437407.632][INFO]: [9d6b220b3cb61399c0a3bfeca9374fe6] COMMAND SendCommand {
   "cmd": "Input.dispatchKeyEvent",
   "params": {
      "autoRepeat": true,
      "type": "char",
      "windowsVirtualKeyCode": 68
   }
}
[1678437407.632][INFO]: Waiting for pending navigations...
[1678437407.633][INFO]: Done waiting for pending navigations. Status: ok
[1678437407.633][INFO]: Waiting for pending navigations...
[1678437407.633][INFO]: Done waiting for pending navigations. Status: ok
[1678437407.633][INFO]: [9d6b220b3cb61399c0a3bfeca9374fe6] RESPONSE SendCommand
[1678437407.644][INFO]: [9d6b220b3cb61399c0a3bfeca9374fe6] COMMAND SendCommand {
   "cmd": "Input.dispatchKeyEvent",
   "params": {
      "autoRepeat": true,
      "type": "rawKeyDown",
      "windowsVirtualKeyCode": 68
   }
}
[1678437407.644][INFO]: Waiting for pending navigations...
[1678437407.645][INFO]: Done waiting for pending navigations. Status: ok
[1678437407.645][INFO]: Waiting for pending navigations...
[1678437407.646][INFO]: Done waiting for pending navigations. Status: ok
[1678437407.646][INFO]: [9d6b220b3cb61399c0a3bfeca9374fe6] RESPONSE SendCommand
[1678437407.647][INFO]: [9d6b220b3cb61399c0a3bfeca9374fe6] COMMAND SendCommand {
   "cmd": "Input.dispatchKeyEvent",
   "params": {
      "autoRepeat": true,
      "type": "char",
      "windowsVirtualKeyCode": 68
   }
}
[1678437407.647][INFO]: Waiting for pending navigations...
[1678437407.647][INFO]: Done waiting for pending navigations. Status: ok
[1678437407.647][INFO]: Waiting for pending navigations...
[1678437407.648][INFO]: Done waiting for pending navigations. Status: ok
[1678437407.648][INFO]: [9d6b220b3cb61399c0a3bfeca9374fe6] RESPONSE SendCommand
[1678437407.659][INFO]: [9d6b220b3cb61399c0a3bfeca9374fe6] COMMAND SendCommand {
   "cmd": "Input.dispatchKeyEvent",
   "params": {
      "autoRepeat": true,
      "type": "rawKeyDown",
      "windowsVirtualKeyCode": 68
   }
}
[1678437407.659][INFO]: Waiting for pending navigations...
[1678437407.660][INFO]: Done waiting for pending navigations. Status: ok
[1678437407.660][INFO]: Waiting for pending navigations...
[1678437407.660][INFO]: Done waiting for pending navigations. Status: ok
[1678437407.660][INFO]: [9d6b220b3cb61399c0a3bfeca9374fe6] RESPONSE SendCommand
[1678437407.661][INFO]: [9d6b220b3cb61399c0a3bfeca9374fe6] COMMAND SendCommand {
   "cmd": "Input.dispatchKeyEvent",
   "params": {
      "autoRepeat": true,
      "type": "char",
      "windowsVirtualKeyCode": 68
   }
}
[1678437407.661][INFO]: Waiting for pending navigations...
[1678437407.662][INFO]: Done waiting for pending navigations. Status: ok
[1678437407.662][INFO]: Waiting for pending navigations...
[1678437407.663][INFO]: Done waiting for pending navigations. Status: ok
[1678437407.663][INFO]: [9d6b220b3cb61399c0a3bfeca9374fe6] RESPONSE SendCommand
[1678437407.675][INFO]: [9d6b220b3cb61399c0a3bfeca9374fe6] COMMAND SendCommand {
   "cmd": "Input.dispatchKeyEvent",
   "params": {
      "autoRepeat": true,
      "type": "rawKeyDown",
      "windowsVirtualKeyCode": 68
   }
}
[1678437407.675][INFO]: Waiting for pending navigations...
[1678437407.676][INFO]: Done waiting for pending navigations. Status: ok
[1678437407.676][INFO]: Waiting for pending navigations...
[1678437407.677][INFO]: Done waiting for pending navigations. Status: ok
[1678437407.677][INFO]: [9d6b220b3cb61399c0a3bfeca9374fe6] RESPONSE SendCommand
[1678437407.679][INFO]: [9d6b220b3cb61399c0a3bfeca9374fe6] COMMAND SendCommand {
   "cmd": "Input.dispatchKeyEvent",
   "params": {
      "autoRepeat": true,
      "type": "char",
      "windowsVirtualKeyCode": 68
   }
}
[1678437407.679][INFO]: Waiting for pending navigations...
[1678437407.679][INFO]: Done waiting for pending navigations. Status: ok
[1678437407.679][INFO]: Waiting for pending navigations...
[1678437407.680][INFO]: Done waiting for pending navigations. Status: ok
[1678437407.680][INFO]: [9d6b220b3cb61399c0a3bfeca9374fe6] RESPONSE SendCommand
[1678437407.692][INFO]: [9d6b220b3cb61399c0a3bfeca9374fe6] COMMAND SendCommand {
   "cmd": "Input.dispatchKeyEvent",
   "params": {
      "autoRepeat": true,
      "type": "rawKeyDown",
      "windowsVirtualKeyCode": 68
   }
}
[1678437407.692][INFO]: Waiting for pending navigations...
[1678437407.692][INFO]: Done waiting for pending navigations. Status: ok
[1678437407.693][INFO]: Waiting for pending navigations...
[1678437407.694][INFO]: Done waiting for pending navigations. Status: ok
[1678437407.694][INFO]: [9d6b220b3cb61399c0a3bfeca9374fe6] RESPONSE SendCommand
[1678437407.695][INFO]: [9d6b220b3cb61399c0a3bfeca9374fe6] COMMAND SendCommand {
   "cmd": "Input.dispatchKeyEvent",
   "params": {
      "autoRepeat": true,
      "type": "char",
      "windowsVirtualKeyCode": 68
   }
}
[1678437407.695][INFO]: Waiting for pending navigations...
[1678437407.695][INFO]: Done waiting for pending navigations. Status: ok
[1678437407.695][INFO]: Waiting for pending navigations...
[1678437407.696][INFO]: Done waiting for pending navigations. Status: ok
[1678437407.696][INFO]: [9d6b220b3cb61399c0a3bfeca9374fe6] RESPONSE SendCommand
[1678437407.722][INFO]: [9d6b220b3cb61399c0a3bfeca9374fe6] COMMAND SendCommand {
   "cmd": "Input.dispatchKeyEvent",
   "params": {
      "autoRepeat": true,
      "type": "rawKeyDown",
      "windowsVirtualKeyCode": 68
   }
}
[1678437407.722][INFO]: Waiting for pending navigations...
[1678437407.723][INFO]: Done waiting for pending navigations. Status: ok
[1678437407.723][INFO]: Waiting for pending navigations...
[1678437407.723][INFO]: Done waiting for pending navigations. Status: ok
[1678437407.723][INFO]: [9d6b220b3cb61399c0a3bfeca9374fe6] RESPONSE SendCommand
[1678437407.724][INFO]: [9d6b220b3cb61399c0a3bfeca9374fe6] COMMAND SendCommand {
   "cmd": "Input.dispatchKeyEvent",
   "params": {
      "autoRepeat": true,
      "type": "char",
      "windowsVirtualKeyCode": 68
   }
}
[1678437407.724][INFO]: Waiting for pending navigations...
[1678437407.725][INFO]: Done waiting for pending navigations. Status: ok
[1678437407.725][INFO]: Waiting for pending navigations...
[1678437407.726][INFO]: Done waiting for pending navigations. Status: ok
[1678437407.726][INFO]: [9d6b220b3cb61399c0a3bfeca9374fe6] RESPONSE SendCommand
[1678437407.752][INFO]: [9d6b220b3cb61399c0a3bfeca9374fe6] COMMAND SendCommand {
   "cmd": "Input.dispatchKeyEvent",
   "params": {
      "autoRepeat": true,
      "type": "rawKeyDown",
      "windowsVirtualKeyCode": 68
   }
}
[1678437407.752][INFO]: Waiting for pending navigations...
[1678437407.753][INFO]: Done waiting for pending navigations. Status: ok
[1678437407.753][INFO]: Waiting for pending navigations...
[1678437407.754][INFO]: Done waiting for pending navigations. Status: ok
[1678437407.754][INFO]: [9d6b220b3cb61399c0a3bfeca9374fe6] RESPONSE SendCommand
[1678437407.755][INFO]: [9d6b220b3cb61399c0a3bfeca9374fe6] COMMAND SendCommand {
   "cmd": "Input.dispatchKeyEvent",
   "params": {
      "autoRepeat": true,
      "type": "char",
      "windowsVirtualKeyCode": 68
   }
}
[1678437407.755][INFO]: Waiting for pending navigations...
[1678437407.755][INFO]: Done waiting for pending navigations. Status: ok
[1678437407.756][INFO]: Waiting for pending navigations...
[1678437407.756][INFO]: Done waiting for pending navigations. Status: ok
[1678437407.756][INFO]: [9d6b220b3cb61399c0a3bfeca9374fe6] RESPONSE SendCommand
[1678437407.757][INFO]: [9d6b220b3cb61399c0a3bfeca9374fe6] COMMAND SendCommand {
   "cmd": "Input.dispatchKeyEvent",
   "params": {
      "autoRepeat": true,
      "type": "keyUp",
      "windowsVirtualKeyCode": 68
   }
}
[1678437407.757][INFO]: Waiting for pending navigations...
[1678437407.758][INFO]: Done waiting for pending navigations. Status: ok
[1678437407.759][INFO]: Waiting for pending navigations...
[1678437407.759][INFO]: Done waiting for pending navigations. Status: ok
[1678437407.759][INFO]: [9d6b220b3cb61399c0a3bfeca9374fe6] RESPONSE SendCommand
[1678437407.760][INFO]: [9d6b220b3cb61399c0a3bfeca9374fe6] COMMAND SetTimeouts {
   "implicit": 10000
}
[1678437407.760][INFO]: [9d6b220b3cb61399c0a3bfeca9374fe6] RESPONSE SetTimeouts
[1678437407.762][INFO]: [9d6b220b3cb61399c0a3bfeca9374fe6] COMMAND QuitAll {
}
[1678437407.762][INFO]: [9d6b220b3cb61399c0a3bfeca9374fe6] RESPONSE QuitAll
[1678437407.762][WARNING]: Microsoft Edge quit unexpectedly, leaving behind temporary directoriesfor debugging:
